2019-05-01 17:53:05.431  INFO 14204 --- [restartedMain] c.l.f.server.FerryServerApplicationKt    : Starting FerryServerApplicationKt on DESKTOP-K6CJE9Q with PID 14204 (D:\Project\Beacono\ferry\ferry-server\out\production\classes started by luooy in D:\Project\Beacono\ferry\ferry-server)
2019-05-01 17:53:05.443  INFO 14204 --- [restartedMain] c.l.f.server.FerryServerApplicationKt    : No active profile set, falling back to default profiles: default
2019-05-01 17:53:05.624  INFO 14204 --- [restartedMain] .e.DevToolsPropertyDefaultsPostProcessor : Devtools property defaults active! Set 'spring.devtools.add-properties' to 'false' to disable
2019-05-01 17:53:05.625  INFO 14204 --- [restartedMain] .e.DevToolsPropertyDefaultsPostProcessor : For additional web related logging consider setting the 'logging.level.web' property to 'DEBUG'
2019-05-01 17:53:09.191  INFO 14204 --- [restartedMain] o.s.b.w.embedded.tomcat.TomcatWebServer  : Tomcat initialized with port(s): 8080 (http)
2019-05-01 17:53:09.226  INFO 14204 --- [restartedMain] o.apache.catalina.core.StandardService   : Starting service [Tomcat]
2019-05-01 17:53:09.227  INFO 14204 --- [restartedMain] org.apache.catalina.core.StandardEngine  : Starting Servlet Engine: Apache Tomcat/9.0.13
2019-05-01 17:53:09.357  INFO 14204 --- [restartedMain] o.a.catalina.core.AprLifecycleListener   : The APR based Apache Tomcat Native library which allows optimal performance in production environments was not found on the java.library.path: [D:\Dev\Java\jdk1.8\bin;C:\Windows\Sun\Java\bin;C:\Windows\system32;C:\Windows;C:\ProgramData\DockerDesktop\version-bin;C:\Program Files\Docker\Docker\Resources\bin;D:\Dev\Java\jdk1.8\bin;C:\Windows\system32;C:\Windows;C:\Windows\System32\Wbem;C:\Windows\System32\WindowsPowerShell\v1.0\;C:\Windows\System32\OpenSSH\;D:\Dev\build\maven\apache-maven\bin;C:\Program Files\Microsoft VS Code\bin;C:\Program Files\Git\cmd;D:\Dev\Google\flutter\bin;C:\Program Files\TortoiseGit\bin;C:\Program Files\Common Files\Autodesk Shared\;C:\Users\luooy\AppData\Local\Microsoft\WindowsApps;C:\Program Files\Bandizip\;.]
2019-05-01 17:53:09.519  INFO 14204 --- [restartedMain] o.a.c.c.C.[Tomcat].[localhost].[/ferry]  : Initializing Spring embedded WebApplicationContext
2019-05-01 17:53:09.520 DEBUG 14204 --- [restartedMain] o.s.web.context.ContextLoader            : Published root WebApplicationContext as ServletContext attribute with name [org.springframework.web.context.WebApplicationContext.ROOT]
2019-05-01 17:53:09.521  INFO 14204 --- [restartedMain] o.s.web.context.ContextLoader            : Root WebApplicationContext: initialization completed in 3886 ms
2019-05-01 17:53:10.256 DEBUG 14204 --- [restartedMain] o.s.w.s.handler.SimpleUrlHandlerMapping  : Patterns [/**/favicon.ico] in 'faviconHandlerMapping'
2019-05-01 17:53:10.443  INFO 14204 --- [restartedMain] o.s.s.concurrent.ThreadPoolTaskExecutor  : Initializing ExecutorService 'applicationTaskExecutor'
2019-05-01 17:53:10.476 DEBUG 14204 --- [restartedMain] s.w.s.m.m.a.RequestMappingHandlerAdapter : ControllerAdvice beans: 0 @ModelAttribute, 0 @InitBinder, 1 RequestBodyAdvice, 1 ResponseBodyAdvice
2019-05-01 17:53:10.598 DEBUG 14204 --- [restartedMain] s.w.s.m.m.a.RequestMappingHandlerMapping : 3 mappings in 'requestMappingHandlerMapping'
2019-05-01 17:53:10.626 DEBUG 14204 --- [restartedMain] o.s.w.s.handler.SimpleUrlHandlerMapping  : Patterns [/webjars/**, /**] in 'resourceHandlerMapping'
2019-05-01 17:53:10.651 DEBUG 14204 --- [restartedMain] .m.m.a.ExceptionHandlerExceptionResolver : ControllerAdvice beans: 0 @ExceptionHandler, 1 ResponseBodyAdvice
2019-05-01 17:53:10.951  INFO 14204 --- [restartedMain] o.s.b.d.a.OptionalLiveReloadServer       : LiveReload server is running on port 35729
2019-05-01 17:53:11.038  INFO 14204 --- [restartedMain] o.s.b.w.embedded.tomcat.TomcatWebServer  : Tomcat started on port(s): 8080 (http) with context path '/ferry'
2019-05-01 17:53:11.045  INFO 14204 --- [restartedMain] c.l.f.server.FerryServerApplicationKt    : Started FerryServerApplicationKt in 6.623 seconds (JVM running for 9.14)
2019-05-01 18:01:28.402  INFO 16100 --- [restartedMain] c.l.f.server.FerryServerApplicationKt    : Starting FerryServerApplicationKt on DESKTOP-K6CJE9Q with PID 16100 (D:\Project\Beacono\ferry\ferry-server\out\production\classes started by luooy in D:\Project\Beacono\ferry\ferry-server)
2019-05-01 18:01:28.410  INFO 16100 --- [restartedMain] c.l.f.server.FerryServerApplicationKt    : No active profile set, falling back to default profiles: default
2019-05-01 18:01:28.575  INFO 16100 --- [restartedMain] .e.DevToolsPropertyDefaultsPostProcessor : Devtools property defaults active! Set 'spring.devtools.add-properties' to 'false' to disable
2019-05-01 18:01:28.576  INFO 16100 --- [restartedMain] .e.DevToolsPropertyDefaultsPostProcessor : For additional web related logging consider setting the 'logging.level.web' property to 'DEBUG'
2019-05-01 18:01:33.120  INFO 16100 --- [restartedMain] o.s.b.w.embedded.tomcat.TomcatWebServer  : Tomcat initialized with port(s): 8080 (http)
2019-05-01 18:01:33.255  INFO 16100 --- [restartedMain] o.apache.catalina.core.StandardService   : Starting service [Tomcat]
2019-05-01 18:01:33.256  INFO 16100 --- [restartedMain] org.apache.catalina.core.StandardEngine  : Starting Servlet Engine: Apache Tomcat/9.0.13
2019-05-01 18:01:33.271  INFO 16100 --- [restartedMain] o.a.catalina.core.AprLifecycleListener   : The APR based Apache Tomcat Native library which allows optimal performance in production environments was not found on the java.library.path: [D:\Dev\Java\jdk1.8\bin;C:\Windows\Sun\Java\bin;C:\Windows\system32;C:\Windows;C:\ProgramData\DockerDesktop\version-bin;C:\Program Files\Docker\Docker\Resources\bin;D:\Dev\Java\jdk1.8\bin;C:\Windows\system32;C:\Windows;C:\Windows\System32\Wbem;C:\Windows\System32\WindowsPowerShell\v1.0\;C:\Windows\System32\OpenSSH\;D:\Dev\build\maven\apache-maven\bin;C:\Program Files\Microsoft VS Code\bin;C:\Program Files\Git\cmd;D:\Dev\Google\flutter\bin;C:\Program Files\TortoiseGit\bin;C:\Program Files\Common Files\Autodesk Shared\;C:\Users\luooy\AppData\Local\Microsoft\WindowsApps;C:\Program Files\Bandizip\;.]
2019-05-01 18:01:33.499  INFO 16100 --- [restartedMain] o.a.c.c.C.[Tomcat].[localhost].[/ferry]  : Initializing Spring embedded WebApplicationContext
2019-05-01 18:01:33.499 DEBUG 16100 --- [restartedMain] o.s.web.context.ContextLoader            : Published root WebApplicationContext as ServletContext attribute with name [org.springframework.web.context.WebApplicationContext.ROOT]
2019-05-01 18:01:33.500  INFO 16100 --- [restartedMain] o.s.web.context.ContextLoader            : Root WebApplicationContext: initialization completed in 4924 ms
2019-05-01 18:01:34.214 DEBUG 16100 --- [restartedMain] o.s.w.s.handler.SimpleUrlHandlerMapping  : Patterns [/**/favicon.ico] in 'faviconHandlerMapping'
2019-05-01 18:01:34.408  INFO 16100 --- [restartedMain] o.s.s.concurrent.ThreadPoolTaskExecutor  : Initializing ExecutorService 'applicationTaskExecutor'
2019-05-01 18:01:34.444 DEBUG 16100 --- [restartedMain] s.w.s.m.m.a.RequestMappingHandlerAdapter : ControllerAdvice beans: 0 @ModelAttribute, 0 @InitBinder, 1 RequestBodyAdvice, 1 ResponseBodyAdvice
2019-05-01 18:01:34.566 DEBUG 16100 --- [restartedMain] s.w.s.m.m.a.RequestMappingHandlerMapping : 3 mappings in 'requestMappingHandlerMapping'
2019-05-01 18:01:34.586 DEBUG 16100 --- [restartedMain] o.s.w.s.handler.SimpleUrlHandlerMapping  : Patterns [/webjars/**, /**] in 'resourceHandlerMapping'
2019-05-01 18:01:34.600 DEBUG 16100 --- [restartedMain] .m.m.a.ExceptionHandlerExceptionResolver : ControllerAdvice beans: 0 @ExceptionHandler, 1 ResponseBodyAdvice
2019-05-01 18:01:34.830  INFO 16100 --- [restartedMain] o.s.b.d.a.OptionalLiveReloadServer       : LiveReload server is running on port 35729
2019-05-01 18:01:34.937  INFO 16100 --- [restartedMain] o.s.b.w.embedded.tomcat.TomcatWebServer  : Tomcat started on port(s): 8080 (http) with context path '/ferry'
2019-05-01 18:01:34.945  INFO 16100 --- [restartedMain] c.l.f.server.FerryServerApplicationKt    : Started FerryServerApplicationKt in 8.733 seconds (JVM running for 12.085)
